Sencha Cmd 6.0.1.76 - Crash report
================================================
An error occurred while executing the following command: app refresh

Diagnostic information:
=======================
                         app.archivePath : archive/${build.id}                               
                      app.bootstrap.base : /home/jgr/WebstormProjects/My1stGeoExt3App        
                       app.bootstrap.css : bootstrap.css                                     
                  app.bootstrap.manifest : ${build.id}.json                                  
               app.bootstrap.microloader : bootstrap.js                                      
                app.builds.classic.theme : theme-triton                                      
              app.builds.classic.toolkit : classic                                           
                 app.builds.modern.theme : theme-triton                                      
               app.builds.modern.toolkit : modern                                            
                        app.cache.deltas : ${build.id}/deltas                                
                        app.cache.enable : false                                             
                   app.classic.js.0.path : /home/jgr/WebstormProjects/My1stGeoExt3App/ext/build/ext-all-rtl-debug.js
                   app.classic.js.length : 1                                                 
                           app.classpath : app,${toolkit.name}/src                           
                         app.classpath.0 : app                                               
                         app.classpath.1 : ${toolkit.name}/src                               
                    app.classpath.length : 2                                                 
                         app.cmd.version : 6.0.1.76                                          
                          app.config.dir : /home/jgr/WebstormProjects/My1stGeoExt3App/.sencha/app
                app.cordova.cache.enable : false                                             
                   app.cordova.config.id : com.domain.My1stGeoExt3App                        
                 app.cordova.config.name : My1stGeoExt3App                                   
                 app.cordova.config.path : /home/jgr/WebstormProjects/My1stGeoExt3App/cordova
               app.cordova.config.target :                                                   
              app.cordova.config.verbose : false                                             
                   app.cordova.js.0.path : cordova.js                                        
               app.cordova.js.0.priority : 1000                                              
                 app.cordova.js.0.remote : true                                              
                   app.cordova.js.length : 1                                                 
                 app.cordova.microloader : /home/jgr/WebstormProjects/My1stGeoExt3App/.sencha/app/Microloader.js
      app.cordova.output.appCache.enable : false                                             
                 app.cordova.output.base : /home/jgr/WebstormProjects/My1stGeoExt3App/cordova/www
             app.cordova.output.manifest : ${build.id}.json                                  
                 app.cordova.output.page : index.html                                        
                    app.development.tags :                                                   
             app.development.tags.length : 0                                                 
                                 app.dir : /home/jgr/WebstormProjects/My1stGeoExt3App        
              app.fashion.inliner.enable : false                                             
                           app.framework : ext                                               
                   app.framework.version : 6.0.0.640                                         
                                  app.id : 716df3ab-21b6-4170-bd50-425fbcb62244              
                       app.indexHtmlPath : index.html                                        
                        app.loader.cache : false                                             
                   app.loader.cacheParam : _dc                                               
                    app.modern.js.0.path : /home/jgr/WebstormProjects/My1stGeoExt3App/ext/build/ext-modern-all-debug.js
                    app.modern.js.length : 1                                                 
                                app.name : My1stGeoExt3App                                   
              app.output.appCache.enable : false                                             
                         app.output.base : /home/jgr/WebstormProjects/My1stGeoExt3App/build/${build.environment}/My1stGeoExt3App
                           app.output.js : ${build.id}/app.js                                
                     app.output.manifest : ${build.id}.json                                  
           app.output.microloader.enable : true                                              
                         app.output.page : index.html                                        
               app.output.resources.path : ${build.id}/resources                             
             app.output.resources.shared : resources                                         
                           app.overrides : overrides,${toolkit.name}/overrides               
                         app.overrides.0 : overrides                                         
                         app.overrides.1 : ${toolkit.name}/overrides                         
                    app.overrides.length : 2                                                 
               app.phonegap.cache.enable : false                                             
                  app.phonegap.config.id : com.domain.My1stGeoExt3App                        
                app.phonegap.config.name : My1stGeoExt3App                                   
                app.phonegap.config.path : /home/jgr/WebstormProjects/My1stGeoExt3App/phonegap
              app.phonegap.config.remote : false                                             
             app.phonegap.config.verbose : false                                             
                  app.phonegap.js.0.path : phonegap.js                                       
              app.phonegap.js.0.priority : 1000                                              
                app.phonegap.js.0.remote : true                                              
                  app.phonegap.js.length : 1                                                 
                app.phonegap.microloader : /home/jgr/WebstormProjects/My1stGeoExt3App/.sencha/app/Microloader.js
     app.phonegap.output.appCache.enable : false                                             
                app.phonegap.output.base : /home/jgr/WebstormProjects/My1stGeoExt3App/phonegap/www
            app.phonegap.output.manifest : ${build.id}.json                                  
                app.phonegap.output.page : index.html                                        
             app.production.cache.enable : true                                              
          app.production.compressor.type : yui                                               
             app.production.loader.cache : ${build.timestamp}                                
   app.production.output.appCache.enable : true                                              
     app.production.output.appCache.path : cache.appcache                                    
                      app.requires.names : null                                              
                   app.requires.packages : null                                              
                      app.resource.paths :                                                   
                        app.sass.dynamic : true                                              
                            app.sass.etc : sass/etc/all.scss,${toolkit.name}/sass/etc/all.scss
                          app.sass.etc.0 : sass/etc/all.scss                                 
                          app.sass.etc.1 : ${toolkit.name}/sass/etc/all.scss                 
                     app.sass.etc.length : 2                                                 
                      app.sass.namespace : My1stGeoExt3App                                   
                            app.sass.src : sass/src,${toolkit.name}/sass/src                 
                          app.sass.src.0 : sass/src                                          
                          app.sass.src.1 : ${toolkit.name}/sass/src                          
                     app.sass.src.length : 2                                                 
                            app.sass.var : sass/var/all.scss,sass/var,${toolkit.name}/sass/var
                          app.sass.var.0 : sass/var/all.scss                                 
                          app.sass.var.1 : sass/var                                          
                          app.sass.var.2 : ${toolkit.name}/sass/var                          
                     app.sass.var.length : 3                                                 
                 app.slicer.cache.enable : false                                             
        app.slicer.js.0.isWidgetManifest : true                                              
                    app.slicer.js.0.path : /home/jgr/WebstormProjects/My1stGeoExt3App/sass/example/custom.js
                    app.slicer.js.length : 1                                                 
       app.slicer.output.appCache.enable : false                                             
                             app.version : 1.0.0.0                                           
                    buildenvironment.dir : /home/jgr/WebstormProjects/My1stGeoExt3App        
               buildenvironment.load.dir : /home/jgr/WebstormProjects/My1stGeoExt3App        
                          cmd.config.dir : /home/jgr/bin/Sencha/Cmd/6.0.1.76                 
                                 cmd.dir : /home/jgr/bin/Sencha/Cmd/6.0.1.76                 
                    cmd.framework.minver : 5.5.0                                             
                   cmd.framework.version : 99.99                                             
                            cmd.jvm.args : -Xms128m -Xmx1024m -Dapple.awt.UIElement=true     
              cmd.merge.tool.args.araxis : -wait -merge -3 -a1 {base} {user} {generated} {out}
              cmd.merge.tool.args.kdiff3 : {base} {user} {generated} -o {out}                
             cmd.merge.tool.args.p4merge : {base} {user} {generated} {out}                   
           cmd.merge.tool.args.smartsync : {user} {generated} {base}                         
          cmd.merge.tool.args.sourcegear : --merge --result={out} {user} {base} {generated}  
            cmd.merge.tool.args.tortoise : -base:{base} -theirs:{generated} -mine:{user} -merged:{out}
                              cmd.minver : 3.0.0.0                                           
                            cmd.platform : linux-x64                                         
                         cmd.server.port : 1841                                              
                     cmd.unicode.escapes : /home/jgr/bin/Sencha/Cmd/6.0.1.76/unicode-escapes.json
                             cmd.version : 6.0.1.76                                          
                            cmd.web.port : 1841                                              
                     config.skipDownload : true                                              
                      config.skipInherit : false                                             
                                 ext.dir : /home/jgr/WebstormProjects/My1stGeoExt3App/ext    
                        ext.license.name : gpl                                               
                     framework.build.dir : ${package.output.base}                            
                     framework.classpath : ${package.dir}/src                                
                    framework.cmd.minver : 6.0.0.202                                         
                   framework.cmd.version : 6.0.0.202                                         
                 framework.compatVersion : 6.0.0                                             
                    framework.config.dir : /home/jgr/bin/Sencha/Cmd/6.0.1.76/plugins/ext/current
                       framework.creator : Sencha                                            
           framework.detailedDescription : Sencha Ext JS JavaScript Framework                
                           framework.dir : /home/jgr/WebstormProjects/My1stGeoExt3App/ext    
                  framework.example.apps : admin-dashboard,executive-dashboard,kitchensink,classic/charts-kitchensink,classic/desktop,classic/ticket-app,classic/portal,classic/simple-tasks,classic/responsive-app,classic/aria,modern/addressbook,modern/energy,modern/stockapp,modern/states,modern/geocongress,modern/oreilly
                framework.example.apps.0 : admin-dashboard                                   
                framework.example.apps.1 : executive-dashboard                               
               framework.example.apps.10 : modern/addressbook                                
               framework.example.apps.11 : modern/energy                                     
               framework.example.apps.12 : modern/stockapp                                   
               framework.example.apps.13 : modern/states                                     
               framework.example.apps.14 : modern/geocongress                                
               framework.example.apps.15 : modern/oreilly                                    
                framework.example.apps.2 : kitchensink                                       
                framework.example.apps.3 : classic/charts-kitchensink                        
                framework.example.apps.4 : classic/desktop                                   
                framework.example.apps.5 : classic/ticket-app                                
                framework.example.apps.6 : classic/portal                                    
                framework.example.apps.7 : classic/simple-tasks                              
                framework.example.apps.8 : classic/responsive-app                            
                framework.example.apps.9 : classic/aria                                      
           framework.example.apps.length : 16                                                
                  framework.example.path : examples,templates                                
                framework.example.path.0 : examples                                          
                framework.example.path.1 : templates                                         
           framework.example.path.length : 2                                                 
                        framework.format : 1                                                 
                          framework.isV5 : true                                              
                          framework.isV6 : true                                              
                          framework.name : ext                                               
                        framework.output : ${package.dir}/build                              
                     framework.overrides : ${package.dir}/overrides                          
                  framework.packages.dir : /home/jgr/WebstormProjects/My1stGeoExt3App/ext/packages/,/home/jgr/WebstormProjects/My1stGeoExt3App/ext/${toolkit.name}
                     framework.resources : resources                                         
                   framework.resources.0 : resources                                         
              framework.resources.length : 1                                                 
                      framework.sass.etc : ${package.dir}/sass/etc/all.scss                  
                  framework.sass.fashion : true                                              
                framework.sass.namespace : Ext                                               
                      framework.sass.src : ${package.dir}/sass/src                           
                      framework.sass.var : ${package.dir}/sass/var                           
                       framework.subpkgs : classic/classic,modern/modern,packages/charts,packages/amf,packages/soap,packages/ux
                     framework.subpkgs.0 : classic/classic                                   
                     framework.subpkgs.1 : modern/modern                                     
                     framework.subpkgs.2 : packages/charts                                   
                     framework.subpkgs.3 : packages/amf                                      
                     framework.subpkgs.4 : packages/soap                                     
                     framework.subpkgs.5 : packages/ux                                       
                framework.subpkgs.length : 6                                                 
                       framework.summary : Ext JS                                            
                          framework.type : framework                                         
                       framework.version : 6.0.0.640                                         
                       inspector.address : http://localhost:1839/                            
                       package.framework : ext                                               
                    package.sass.dynamic : true                                              
                          repo.local.dir : /home/jgr/bin/Sencha/Cmd/repo                     
        system.java.net.useSystemProxies : true                                              
                     workspace.build.dir : /home/jgr/WebstormProjects/My1stGeoExt3App/build  
                   workspace.cmd.version : 6.0.1.76                                          
                    workspace.config.dir : /home/jgr/WebstormProjects/My1stGeoExt3App/.sencha/workspace
                           workspace.dir : /home/jgr/WebstormProjects/My1stGeoExt3App        
                  workspace.packages.dir : /home/jgr/WebstormProjects/My1stGeoExt3App/packages/local,/home/jgr/WebstormProjects/My1stGeoExt3App/packages
              workspace.packages.extract : /home/jgr/WebstormProjects/My1stGeoExt3App/packages/remote
                     workspace.theme.dir : /home/jgr/WebstormProjects/My1stGeoExt3App/packages/local,/home/jgr/WebstormProjects/My1stGeoExt3App/packages/${args.themeName}

Exception information:
=======================
com.google.gson.stream.MalformedJsonException: Unterminated object at line 4 column 4
     at com.google.gson.Gson.fromJson(Gson.java:818)
     at com.google.gson.Gson.fromJson(Gson.java:768)
     at com.google.gson.Gson.fromJson(Gson.java:717)
     at com.sencha.util.JsonUtil$ThreadSafeGson.fromJson(JsonUtil.java:390)
     at com.sencha.util.JsonUtil.fromJson(JsonUtil.java:151)
     at com.sencha.tools.pkg.Model$Package.load(Model.java:860)
     at com.sencha.tools.pkg.Model$Package.load(Model.java:852)
     at com.sencha.command.environment.WorkspaceRepository$2.map(WorkspaceRepository.java:402)
     at com.sencha.command.environment.WorkspaceRepository$2.map(WorkspaceRepository.java:393)
     at com.sencha.command.environment.WorkspaceRepository.scanPackages(WorkspaceRepository.java:422)
     at com.sencha.command.environment.WorkspaceRepository.scanPackages(WorkspaceRepository.java:378)
     at com.sencha.command.environment.WorkspaceRepository.scanWorkspacePackages(WorkspaceRepository.java:369)
     at com.sencha.command.environment.WorkspaceRepository.getWorkspaceCatalog(WorkspaceRepository.java:449)
     at com.sencha.command.environment.WorkspaceRepository.getWorkspaceCatalog(WorkspaceRepository.java:444)
     at com.sencha.command.environment.WorkspaceRepository.getPackage(WorkspaceRepository.java:303)
     at com.sencha.command.environment.AppOrPackageEnvironment$1.test(AppOrPackageEnvironment.java:201)
     at com.sencha.command.environment.AppOrPackageEnvironment$1.test(AppOrPackageEnvironment.java:197)
     at com.sencha.util.CollectionUtil.filter(CollectionUtil.java:72)
     at com.sencha.util.CollectionUtil$MonadicList.filter(CollectionUtil.java:254)
     at com.sencha.command.environment.AppOrPackageEnvironment.getRequires(AppOrPackageEnvironment.java:197)
     at com.sencha.command.environment.AppOrPackageEnvironment.getRequires(AppOrPackageEnvironment.java:143)
     at com.sencha.command.environment.AppOrPackageEnvironment.getRequiredPackages(AppOrPackageEnvironment.java:338)
     at com.sencha.command.environment.AppOrPackageEnvironment.getRequiredPackages(AppOrPackageEnvironment.java:308)
     at com.sencha.command.environment.AppEnvironment.getBootstrapJsFiles(AppEnvironment.java:198)
     at com.sencha.command.app.AppCommands$RefreshCommand.getParameters(AppCommands.java:1117)
     at com.sencha.command.BasePluginCommands$BasePluginCommand.reloadCustomBuildEnvironment(BasePluginCommands.java:75)
     at com.sencha.command.BasePluginCommands$BasePluginCommand.doExecute(BasePluginCommands.java:86)
     at com.sencha.command.app.AppCommands$RefreshCommand.execute(AppCommands.java:1084)
     at sun.reflect.NativeMethodAccessorImpl.invoke0(Native Method)
     at sun.reflect.NativeMethodAccessorImpl.invoke(NativeMethodAccessorImpl.java:62)
     at sun.reflect.DelegatingMethodAccessorImpl.invoke(DelegatingMethodAccessorImpl.java:43)
     at java.lang.reflect.Method.invoke(Method.java:497)
     at com.sencha.util.MethodInvoker$Arguments.invoke(MethodInvoker.java:175)
     at com.sencha.cli.Command.dispatch(Command.java:43)
     at com.sencha.command.BasePluginCommands$BasePluginCommand.dispatch(BasePluginCommands.java:222)
     at com.sencha.cli.Commands.dispatch(Commands.java:64)
     at com.sencha.cli.Commands.dispatch(Commands.java:64)
     at com.sencha.command.Sencha.dispatch(Sencha.java:74)
     at com.sencha.command.Sencha.main(Sencha.java:142)
     at sun.reflect.NativeMethodAccessorImpl.invoke0(Native Method)
     at sun.reflect.NativeMethodAccessorImpl.invoke(NativeMethodAccessorImpl.java:62)
     at sun.reflect.DelegatingMethodAccessorImpl.invoke(DelegatingMethodAccessorImpl.java:43)
     at java.lang.reflect.Method.invoke(Method.java:497)
     at com.exe4j.runtime.LauncherEngine.launch(Unknown Source)
     at com.install4j.runtime.launcher.UnixLauncher.main(Unknown Source)
   Caused by: Unterminated object at line 4 column 4
     at com.google.gson.stream.JsonReader.syntaxError(JsonReader.java:1505)
     at com.google.gson.stream.JsonReader.doPeek(JsonReader.java:480)
     at com.google.gson.stream.JsonReader.hasNext(JsonReader.java:403)
     at com.google.gson.internal.bind.ReflectiveTypeAdapterFactory$Adapter.read(ReflectiveTypeAdapterFactory.java:166)
     at com.google.gson.Gson.fromJson(Gson.java:803)
     at com.google.gson.Gson.fromJson(Gson.java:768)
     at com.google.gson.Gson.fromJson(Gson.java:717)
     at com.sencha.util.JsonUtil$ThreadSafeGson.fromJson(JsonUtil.java:390)
     at com.sencha.util.JsonUtil.fromJson(JsonUtil.java:151)
     at com.sencha.tools.pkg.Model$Package.load(Model.java:860)
     at com.sencha.tools.pkg.Model$Package.load(Model.java:852)
     at com.sencha.command.environment.WorkspaceRepository$2.map(WorkspaceRepository.java:402)
     at com.sencha.command.environment.WorkspaceRepository$2.map(WorkspaceRepository.java:393)
     at com.sencha.command.environment.WorkspaceRepository.scanPackages(WorkspaceRepository.java:422)
     at com.sencha.command.environment.WorkspaceRepository.scanPackages(WorkspaceRepository.java:378)
     at com.sencha.command.environment.WorkspaceRepository.scanWorkspacePackages(WorkspaceRepository.java:369)
     at com.sencha.command.environment.WorkspaceRepository.getWorkspaceCatalog(WorkspaceRepository.java:449)
     at com.sencha.command.environment.WorkspaceRepository.getWorkspaceCatalog(WorkspaceRepository.java:444)
     at com.sencha.command.environment.WorkspaceRepository.getPackage(WorkspaceRepository.java:303)
     at com.sencha.command.environment.AppOrPackageEnvironment$1.test(AppOrPackageEnvironment.java:201)
     at com.sencha.command.environment.AppOrPackageEnvironment$1.test(AppOrPackageEnvironment.java:197)
     at com.sencha.util.CollectionUtil.filter(CollectionUtil.java:72)
     at com.sencha.util.CollectionUtil$MonadicList.filter(CollectionUtil.java:254)
     at com.sencha.command.environment.AppOrPackageEnvironment.getRequires(AppOrPackageEnvironment.java:197)
     at com.sencha.command.environment.AppOrPackageEnvironment.getRequires(AppOrPackageEnvironment.java:143)
     at com.sencha.command.environment.AppOrPackageEnvironment.getRequiredPackages(AppOrPackageEnvironment.java:338)
     at com.sencha.command.environment.AppOrPackageEnvironment.getRequiredPackages(AppOrPackageEnvironment.java:308)
     at com.sencha.command.environment.AppEnvironment.getBootstrapJsFiles(AppEnvironment.java:198)
     at com.sencha.command.app.AppCommands$RefreshCommand.getParameters(AppCommands.java:1117)
     at com.sencha.command.BasePluginCommands$BasePluginCommand.reloadCustomBuildEnvironment(BasePluginCommands.java:75)
     at com.sencha.command.BasePluginCommands$BasePluginCommand.doExecute(BasePluginCommands.java:86)
     at com.sencha.command.app.AppCommands$RefreshCommand.execute(AppCommands.java:1084)
     at sun.reflect.NativeMethodAccessorImpl.invoke0(Native Method)
     at sun.reflect.NativeMethodAccessorImpl.invoke(NativeMethodAccessorImpl.java:62)
     at sun.reflect.DelegatingMethodAccessorImpl.invoke(DelegatingMethodAccessorImpl.java:43)
     at java.lang.reflect.Method.invoke(Method.java:497)
     at com.sencha.util.MethodInvoker$Arguments.invoke(MethodInvoker.java:175)
     at com.sencha.cli.Command.dispatch(Command.java:43)
     at com.sencha.command.BasePluginCommands$BasePluginCommand.dispatch(BasePluginCommands.java:222)
     at com.sencha.cli.Commands.dispatch(Commands.java:64)
     at com.sencha.cli.Commands.dispatch(Commands.java:64)
     at com.sencha.command.Sencha.dispatch(Sencha.java:74)
     at com.sencha.command.Sencha.main(Sencha.java:142)
     at sun.reflect.NativeMethodAccessorImpl.invoke0(Native Method)
     at sun.reflect.NativeMethodAccessorImpl.invoke(NativeMethodAccessorImpl.java:62)
     at sun.reflect.DelegatingMethodAccessorImpl.invoke(DelegatingMethodAccessorImpl.java:43)
     at java.lang.reflect.Method.invoke(Method.java:497)
     at com.exe4j.runtime.LauncherEngine.launch(Unknown Source)
     at com.install4j.runtime.launcher.UnixLauncher.main(Unknown Source)

